2019-05-19 10:29:55 [::1][-][8h4rsgvfc6aaca9ui46hrciq95][error][yii\base\InvalidArgumentException] yii\base\InvalidArgumentException: Key "status" is not a column name and can not be used as a filter in F:\xampp2\htdocs\advanced\vendor\yiisoft\yii2\db\ActiveRecord.php:224
Stack trace:
#0 F:\xampp2\htdocs\advanced\vendor\yiisoft\yii2\db\ActiveRecord.php(190): yii\db\ActiveRecord::filterCondition(Array)
#1 F:\xampp2\htdocs\advanced\vendor\yiisoft\yii2\db\BaseActiveRecord.php(112): yii\db\ActiveRecord::findByCondition(Array)
#2 F:\xampp2\htdocs\advanced\common\models\User.php(83): yii\db\BaseActiveRecord::findOne(Array)
#3 F:\xampp2\htdocs\advanced\common\models\LoginForm.php(73): common\models\User::findByUsername('username')
#4 F:\xampp2\htdocs\advanced\common\models\LoginForm.php(44): common\models\LoginForm->getUser()
#5 [internal function]: common\models\LoginForm->validatePassword('password', NULL, Object(yii\validators\InlineValidator))
#6 F:\xampp2\htdocs\advanced\vendor\yiisoft\yii2\validators\InlineValidator.php(72): call_user_func(Array, 'password', NULL, Object(yii\validators\InlineValidator))
#7 F:\xampp2\htdocs\advanced\vendor\yiisoft\yii2\validators\Validator.php(257): yii\validators\InlineValidator->validateAttribute(Object(common\models\LoginForm), 'password')
#8 F:\xampp2\htdocs\advanced\vendor\yiisoft\yii2\base\Model.php(367): yii\validators\Validator->validateAttributes(Object(common\models\LoginForm), Array)
#9 F:\xampp2\htdocs\advanced\common\models\LoginForm.php(58): yii\base\Model->validate()
#10 F:\xampp2\htdocs\advanced\frontend\controllers\SiteController.php(90): common\models\LoginForm->login()
#11 [internal function]: frontend\controllers\SiteController->actionLogin()
#12 F:\xampp2\htdocs\advanced\vendor\yiisoft\yii2\base\InlineAction.php(57): call_user_func_array(Array, Array)
#13 F:\xampp2\htdocs\advanced\vendor\yiisoft\yii2\base\Controller.php(157): yii\base\InlineAction->runWithParams(Array)
#14 F:\xampp2\htdocs\advanced\vendor\yiisoft\yii2\base\Module.php(528): yii\base\Controller->runAction('login', Array)
#15 F:\xampp2\htdocs\advanced\vendor\yiisoft\yii2\web\Application.php(103): yii\base\Module->runAction('site/login', Array)
#16 F:\xampp2\htdocs\advanced\vendor\yiisoft\yii2\base\Application.php(386): yii\web\Application->handleRequest(Object(yii\web\Request))
#17 F:\xampp2\htdocs\advanced\frontend\web\index.php(17): yii\base\Application->run()
#18 {main}
2019-05-19 10:29:53 [::1][-][8h4rsgvfc6aaca9ui46hrciq95][info][application] $_GET = []

$_POST = [
    '_csrf-frontend' => 'mU7m0qk1luI55aHw2asd7kHG2q2-w_RB0z8pdZe6gp77Y6Wwwm3hgwyJ65O8k3udI4336NHyjB7mXWNC8cPXxA=='
    'LoginForm' => [
        'username' => 'username'
        'password' => 'password'
        'rememberMe' => '1'
    ]
    'login-button' => ''
]

$_FILES = []

$_COOKIE = [
    '_identity-frontend' => 'e60eb262257cbc5f32371873080b46aa2c9329bf9de791709312e0025ce0fcc8a:2:{i:0;s:18:\"_identity-frontend\";i:1;s:46:\"[1,\"SYHi4U_vh94mxwXd9EIegM1FiIAr-iZS\",2592000]\";}'
    'username-localhost-8888' => '\"2|1:0|10:1557696981|23:username-localhost-8888|44:MDkwZWE3NzFjNTM3NDQzY2IyYjVjMzY1YWVhMjUzNDM=|41fac21e0d4c394fd5566a862e935f452ba8d79d711c7e925dbd2490377b2b28\"'
    '_xsrf' => '2|1e03d0e1|e35f6eef8ee18c10feb0fbbe22b78e3b|1557696981'
    'advanced-frontend' => '8h4rsgvfc6aaca9ui46hrciq95'
    '_csrf-frontend' => 'cc1e99fd1b4b41c105e026e33042d9a22542260425b74b0fa44bb8505fb5c9c5a:2:{i:0;s:14:\"_csrf-frontend\";i:1;s:32:\"b-CbkXwa5lJce8fsbK-Eo1x_5bJ7fyUZ\";}'
]

$_SESSION = [
    '__flash' => []
]

$_SERVER = [
    'REDIRECT_MIBDIRS' => 'F:/xampp2/php/extras/mibs'
    'REDIRECT_MYSQL_HOME' => '\\xampp\\mysql\\bin'
    'REDIRECT_OPENSSL_CONF' => 'F:/xampp2/apache/bin/openssl.cnf'
    'REDIRECT_PHP_PEAR_SYSCONF_DIR' => '\\xampp\\php'
    'REDIRECT_PHPRC' => '\\xampp\\php'
    'REDIRECT_TMP' => '\\xampp\\tmp'
    'REDIRECT_STATUS' => '200'
    'MIBDIRS' => 'F:/xampp2/php/extras/mibs'
    'MYSQL_HOME' => '\\xampp\\mysql\\bin'
    'OPENSSL_CONF' => 'F:/xampp2/apache/bin/openssl.cnf'
    'PHP_PEAR_SYSCONF_DIR' => '\\xampp\\php'
    'PHPRC' => '\\xampp\\php'
    'TMP' => '\\xampp\\tmp'
    'HTTP_HOST' => 'localhost'
    'HTTP_CONNECTION' => 'keep-alive'
    'CONTENT_LENGTH' => '243'
    'HTTP_CACHE_CONTROL' => 'max-age=0'
    'HTTP_ORIGIN' => 'http://localhost'
    'HTTP_UPGRADE_INSECURE_REQUESTS' => '1'
    'CONTENT_TYPE' => 'application/x-www-form-urlencoded'
    'HTTP_USER_AGENT' => 'Mozilla/5.0 (Windows NT 10.0; Win64; x64) AppleWebKit/537.36 (KHTML, like Gecko) Chrome/73.0.3683.103 Safari/537.36 OPR/60.0.3255.95'
    'HTTP_ACCEPT' => 'text/html,application/xhtml+xml,application/xml;q=0.9,image/webp,image/apng,*/*;q=0.8'
    'HTTP_REFERER' => 'http://localhost/advanced/frontend/web/site/login'
    'HTTP_ACCEPT_ENCODING' => 'gzip, deflate, br'
    'HTTP_ACCEPT_LANGUAGE' => 'en-US,en;q=0.9'
    'HTTP_COOKIE' => '_identity-frontend=e60eb262257cbc5f32371873080b46aa2c9329bf9de791709312e0025ce0fcc8a%3A2%3A%7Bi%3A0%3Bs%3A18%3A%22_identity-frontend%22%3Bi%3A1%3Bs%3A46%3A%22%5B1%2C%22SYHi4U_vh94mxwXd9EIegM1FiIAr-iZS%22%2C2592000%5D%22%3B%7D; username-localhost-8888=\"2|1:0|10:1557696981|23:username-localhost-8888|44:MDkwZWE3NzFjNTM3NDQzY2IyYjVjMzY1YWVhMjUzNDM=|41fac21e0d4c394fd5566a862e935f452ba8d79d711c7e925dbd2490377b2b28\"; _xsrf=2|1e03d0e1|e35f6eef8ee18c10feb0fbbe22b78e3b|1557696981; advanced-frontend=8h4rsgvfc6aaca9ui46hrciq95; _csrf-frontend=cc1e99fd1b4b41c105e026e33042d9a22542260425b74b0fa44bb8505fb5c9c5a%3A2%3A%7Bi%3A0%3Bs%3A14%3A%22_csrf-frontend%22%3Bi%3A1%3Bs%3A32%3A%22b-CbkXwa5lJce8fsbK-Eo1x_5bJ7fyUZ%22%3B%7D'
    'PATH' => 'C:\\Program Files (x86)\\Common Files\\Oracle\\Java\\javapath;C:\\WINDOWS\\system32;C:\\WINDOWS;C:\\WINDOWS\\System32\\Wbem;C:\\WINDOWS\\System32\\WindowsPowerShell\\v1.0\\;C:\\Program Files\\Microsoft VS Code\\bin;C:\\Program Files\\Git\\cmd;C:\\Program Files\\Java\\jdk1.8.0_172\\bin;F:\\xampp\\php;C:\\ProgramData\\ComposerSetup\\bin;C:\\WINDOWS\\System32\\OpenSSH\\;C:\\Users\\Windows\\AppData\\Local\\Programs\\Python\\Python37-32\\Scripts\\;C:\\Users\\Windows\\AppData\\Local\\Programs\\Python\\Python37-32\\;C:\\Users\\Windows\\AppData\\Local\\Microsoft\\WindowsApps;;C:\\Program Files\\Microsoft VS Code\\bin;C:\\Users\\Windows\\AppData\\Roaming\\Composer\\vendor\\bin'
    'SystemRoot' => 'C:\\WINDOWS'
    'COMSPEC' => 'C:\\WINDOWS\\system32\\cmd.exe'
    'PATHEXT' => '.COM;.EXE;.BAT;.CMD;.VBS;.VBE;.JS;.JSE;.WSF;.WSH;.MSC'
    'WINDIR' => 'C:\\WINDOWS'
    'SERVER_SIGNATURE' => '<address>Apache/2.4.38 (Win64) OpenSSL/1.1.1b PHP/7.3.2 Server at localhost Port 80</address>
'
    'SERVER_SOFTWARE' => 'Apache/2.4.38 (Win64) OpenSSL/1.1.1b PHP/7.3.2'
    'SERVER_NAME' => 'localhost'
    'SERVER_ADDR' => '::1'
    'SERVER_PORT' => '80'
    'REMOTE_ADDR' => '::1'
    'DOCUMENT_ROOT' => 'F:/xampp2/htdocs'
    'REQUEST_SCHEME' => 'http'
    'CONTEXT_PREFIX' => ''
    'CONTEXT_DOCUMENT_ROOT' => 'F:/xampp2/htdocs'
    'SERVER_ADMIN' => 'postmaster@localhost'
    'SCRIPT_FILENAME' => 'F:/xampp2/htdocs/advanced/frontend/web/index.php'
    'REMOTE_PORT' => '52229'
    'REDIRECT_URL' => '/advanced/frontend/web/site/login'
    'GATEWAY_INTERFACE' => 'CGI/1.1'
    'SERVER_PROTOCOL' => 'HTTP/1.1'
    'REQUEST_METHOD' => 'POST'
    'QUERY_STRING' => ''
    'REQUEST_URI' => '/advanced/frontend/web/site/login'
    'SCRIPT_NAME' => '/advanced/frontend/web/index.php'
    'PHP_SELF' => '/advanced/frontend/web/index.php'
    'REQUEST_TIME_FLOAT' => 1558254593.506
    'REQUEST_TIME' => 1558254593
]
2019-05-19 10:29:56 [::1][-][8h4rsgvfc6aaca9ui46hrciq95][error][yii\base\InvalidArgumentException] yii\base\InvalidArgumentException: Key "status" is not a column name and can not be used as a filter in F:\xampp2\htdocs\advanced\vendor\yiisoft\yii2\db\ActiveRecord.php:224
Stack trace:
#0 F:\xampp2\htdocs\advanced\vendor\yiisoft\yii2\db\ActiveRecord.php(190): yii\db\ActiveRecord::filterCondition(Array)
#1 F:\xampp2\htdocs\advanced\vendor\yiisoft\yii2\db\BaseActiveRecord.php(112): yii\db\ActiveRecord::findByCondition(Array)
#2 F:\xampp2\htdocs\advanced\common\models\User.php(83): yii\db\BaseActiveRecord::findOne(Array)
#3 F:\xampp2\htdocs\advanced\common\models\LoginForm.php(73): common\models\User::findByUsername('username')
#4 F:\xampp2\htdocs\advanced\common\models\LoginForm.php(44): common\models\LoginForm->getUser()
#5 [internal function]: common\models\LoginForm->validatePassword('password', NULL, Object(yii\validators\InlineValidator))
#6 F:\xampp2\htdocs\advanced\vendor\yiisoft\yii2\validators\InlineValidator.php(72): call_user_func(Array, 'password', NULL, Object(yii\validators\InlineValidator))
#7 F:\xampp2\htdocs\advanced\vendor\yiisoft\yii2\validators\Validator.php(257): yii\validators\InlineValidator->validateAttribute(Object(common\models\LoginForm), 'password')
#8 F:\xampp2\htdocs\advanced\vendor\yiisoft\yii2\base\Model.php(367): yii\validators\Validator->validateAttributes(Object(common\models\LoginForm), Array)
#9 F:\xampp2\htdocs\advanced\common\models\LoginForm.php(58): yii\base\Model->validate()
#10 F:\xampp2\htdocs\advanced\frontend\controllers\SiteController.php(90): common\models\LoginForm->login()
#11 [internal function]: frontend\controllers\SiteController->actionLogin()
#12 F:\xampp2\htdocs\advanced\vendor\yiisoft\yii2\base\InlineAction.php(57): call_user_func_array(Array, Array)
#13 F:\xampp2\htdocs\advanced\vendor\yiisoft\yii2\base\Controller.php(157): yii\base\InlineAction->runWithParams(Array)
#14 F:\xampp2\htdocs\advanced\vendor\yiisoft\yii2\base\Module.php(528): yii\base\Controller->runAction('login', Array)
#15 F:\xampp2\htdocs\advanced\vendor\yiisoft\yii2\web\Application.php(103): yii\base\Module->runAction('site/login', Array)
#16 F:\xampp2\htdocs\advanced\vendor\yiisoft\yii2\base\Application.php(386): yii\web\Application->handleRequest(Object(yii\web\Request))
#17 F:\xampp2\htdocs\advanced\frontend\web\index.php(17): yii\base\Application->run()
#18 {main}
2019-05-19 10:29:53 [::1][-][8h4rsgvfc6aaca9ui46hrciq95][info][application] $_GET = []

$_POST = [
    '_csrf-frontend' => 'mU7m0qk1luI55aHw2asd7kHG2q2-w_RB0z8pdZe6gp77Y6Wwwm3hgwyJ65O8k3udI4336NHyjB7mXWNC8cPXxA=='
    'LoginForm' => [
        'username' => 'username'
        'password' => 'password'
        'rememberMe' => '1'
    ]
    'login-button' => ''
]

$_FILES = []

$_COOKIE = [
    '_identity-frontend' => 'e60eb262257cbc5f32371873080b46aa2c9329bf9de791709312e0025ce0fcc8a:2:{i:0;s:18:\"_identity-frontend\";i:1;s:46:\"[1,\"SYHi4U_vh94mxwXd9EIegM1FiIAr-iZS\",2592000]\";}'
    'username-localhost-8888' => '\"2|1:0|10:1557696981|23:username-localhost-8888|44:MDkwZWE3NzFjNTM3NDQzY2IyYjVjMzY1YWVhMjUzNDM=|41fac21e0d4c394fd5566a862e935f452ba8d79d711c7e925dbd2490377b2b28\"'
    '_xsrf' => '2|1e03d0e1|e35f6eef8ee18c10feb0fbbe22b78e3b|1557696981'
    'advanced-frontend' => '8h4rsgvfc6aaca9ui46hrciq95'
    '_csrf-frontend' => 'cc1e99fd1b4b41c105e026e33042d9a22542260425b74b0fa44bb8505fb5c9c5a:2:{i:0;s:14:\"_csrf-frontend\";i:1;s:32:\"b-CbkXwa5lJce8fsbK-Eo1x_5bJ7fyUZ\";}'
]

$_SESSION = [
    '__flash' => []
]

$_SERVER = [
    'REDIRECT_MIBDIRS' => 'F:/xampp2/php/extras/mibs'
    'REDIRECT_MYSQL_HOME' => '\\xampp\\mysql\\bin'
    'REDIRECT_OPENSSL_CONF' => 'F:/xampp2/apache/bin/openssl.cnf'
    'REDIRECT_PHP_PEAR_SYSCONF_DIR' => '\\xampp\\php'
    'REDIRECT_PHPRC' => '\\xampp\\php'
    'REDIRECT_TMP' => '\\xampp\\tmp'
    'REDIRECT_STATUS' => '200'
    'MIBDIRS' => 'F:/xampp2/php/extras/mibs'
    'MYSQL_HOME' => '\\xampp\\mysql\\bin'
    'OPENSSL_CONF' => 'F:/xampp2/apache/bin/openssl.cnf'
    'PHP_PEAR_SYSCONF_DIR' => '\\xampp\\php'
    'PHPRC' => '\\xampp\\php'
    'TMP' => '\\xampp\\tmp'
    'HTTP_HOST' => 'localhost'
    'HTTP_CONNECTION' => 'keep-alive'
    'CONTENT_LENGTH' => '257'
    'HTTP_CACHE_CONTROL' => 'max-age=0'
    'HTTP_ORIGIN' => 'http://localhost'
    'HTTP_UPGRADE_INSECURE_REQUESTS' => '1'
    'CONTENT_TYPE' => 'application/x-www-form-urlencoded'
    'HTTP_USER_AGENT' => 'Mozilla/5.0 (Windows NT 10.0; Win64; x64) AppleWebKit/537.36 (KHTML, like Gecko) Chrome/73.0.3683.103 Safari/537.36 OPR/60.0.3255.95'
    'HTTP_ACCEPT' => 'text/html,application/xhtml+xml,application/xml;q=0.9,image/webp,image/apng,*/*;q=0.8'
    'HTTP_REFERER' => 'http://localhost/advanced/frontend/web/site/login'
    'HTTP_ACCEPT_ENCODING' => 'gzip, deflate, br'
    'HTTP_ACCEPT_LANGUAGE' => 'en-US,en;q=0.9'
    'HTTP_COOKIE' => '_identity-frontend=e60eb262257cbc5f32371873080b46aa2c9329bf9de791709312e0025ce0fcc8a%3A2%3A%7Bi%3A0%3Bs%3A18%3A%22_identity-frontend%22%3Bi%3A1%3Bs%3A46%3A%22%5B1%2C%22SYHi4U_vh94mxwXd9EIegM1FiIAr-iZS%22%2C2592000%5D%22%3B%7D; username-localhost-8888=\"2|1:0|10:1557696981|23:username-localhost-8888|44:MDkwZWE3NzFjNTM3NDQzY2IyYjVjMzY1YWVhMjUzNDM=|41fac21e0d4c394fd5566a862e935f452ba8d79d711c7e925dbd2490377b2b28\"; _xsrf=2|1e03d0e1|e35f6eef8ee18c10feb0fbbe22b78e3b|1557696981; advanced-frontend=8h4rsgvfc6aaca9ui46hrciq95; _csrf-frontend=cc1e99fd1b4b41c105e026e33042d9a22542260425b74b0fa44bb8505fb5c9c5a%3A2%3A%7Bi%3A0%3Bs%3A14%3A%22_csrf-frontend%22%3Bi%3A1%3Bs%3A32%3A%22b-CbkXwa5lJce8fsbK-Eo1x_5bJ7fyUZ%22%3B%7D'
    'PATH' => 'C:\\Program Files (x86)\\Common Files\\Oracle\\Java\\javapath;C:\\WINDOWS\\system32;C:\\WINDOWS;C:\\WINDOWS\\System32\\Wbem;C:\\WINDOWS\\System32\\WindowsPowerShell\\v1.0\\;C:\\Program Files\\Microsoft VS Code\\bin;C:\\Program Files\\Git\\cmd;C:\\Program Files\\Java\\jdk1.8.0_172\\bin;F:\\xampp\\php;C:\\ProgramData\\ComposerSetup\\bin;C:\\WINDOWS\\System32\\OpenSSH\\;C:\\Users\\Windows\\AppData\\Local\\Programs\\Python\\Python37-32\\Scripts\\;C:\\Users\\Windows\\AppData\\Local\\Programs\\Python\\Python37-32\\;C:\\Users\\Windows\\AppData\\Local\\Microsoft\\WindowsApps;;C:\\Program Files\\Microsoft VS Code\\bin;C:\\Users\\Windows\\AppData\\Roaming\\Composer\\vendor\\bin'
    'SystemRoot' => 'C:\\WINDOWS'
    'COMSPEC' => 'C:\\WINDOWS\\system32\\cmd.exe'
    'PATHEXT' => '.COM;.EXE;.BAT;.CMD;.VBS;.VBE;.JS;.JSE;.WSF;.WSH;.MSC'
    'WINDIR' => 'C:\\WINDOWS'
    'SERVER_SIGNATURE' => '<address>Apache/2.4.38 (Win64) OpenSSL/1.1.1b PHP/7.3.2 Server at localhost Port 80</address>
'
    'SERVER_SOFTWARE' => 'Apache/2.4.38 (Win64) OpenSSL/1.1.1b PHP/7.3.2'
    'SERVER_NAME' => 'localhost'
    'SERVER_ADDR' => '::1'
    'SERVER_PORT' => '80'
    'REMOTE_ADDR' => '::1'
    'DOCUMENT_ROOT' => 'F:/xampp2/htdocs'
    'REQUEST_SCHEME' => 'http'
    'CONTEXT_PREFIX' => ''
    'CONTEXT_DOCUMENT_ROOT' => 'F:/xampp2/htdocs'
    'SERVER_ADMIN' => 'postmaster@localhost'
    'SCRIPT_FILENAME' => 'F:/xampp2/htdocs/advanced/frontend/web/index.php'
    'REMOTE_PORT' => '52232'
    'REDIRECT_URL' => '/advanced/frontend/web/site/login'
    'GATEWAY_INTERFACE' => 'CGI/1.1'
    'SERVER_PROTOCOL' => 'HTTP/1.1'
    'REQUEST_METHOD' => 'POST'
    'QUERY_STRING' => ''
    'REQUEST_URI' => '/advanced/frontend/web/site/login'
    'SCRIPT_NAME' => '/advanced/frontend/web/index.php'
    'PHP_SELF' => '/advanced/frontend/web/index.php'
    'REQUEST_TIME_FLOAT' => 1558254593.776
    'REQUEST_TIME' => 1558254593
]
2019-05-19 10:30:38 [::1][-][8h4rsgvfc6aaca9ui46hrciq95][error][yii\base\UnknownPropertyException] yii\base\UnknownPropertyException: Setting unknown property: common\models\User::password_hash in F:\xampp2\htdocs\advanced\vendor\yiisoft\yii2\base\Component.php:209
Stack trace:
#0 F:\xampp2\htdocs\advanced\vendor\yiisoft\yii2\db\BaseActiveRecord.php(324): yii\base\Component->__set('password_hash', '$2y$13$j6hmxkUn...')
#1 F:\xampp2\htdocs\advanced\common\models\User.php(163): yii\db\BaseActiveRecord->__set('password_hash', '$2y$13$j6hmxkUn...')
#2 F:\xampp2\htdocs\advanced\frontend\models\SignupForm.php(53): common\models\User->setPassword('password')
#3 F:\xampp2\htdocs\advanced\frontend\controllers\SiteController.php(155): frontend\models\SignupForm->signup()
#4 [internal function]: frontend\controllers\SiteController->actionSignup()
#5 F:\xampp2\htdocs\advanced\vendor\yiisoft\yii2\base\InlineAction.php(57): call_user_func_array(Array, Array)
#6 F:\xampp2\htdocs\advanced\vendor\yiisoft\yii2\base\Controller.php(157): yii\base\InlineAction->runWithParams(Array)
#7 F:\xampp2\htdocs\advanced\vendor\yiisoft\yii2\base\Module.php(528): yii\base\Controller->runAction('signup', Array)
#8 F:\xampp2\htdocs\advanced\vendor\yiisoft\yii2\web\Application.php(103): yii\base\Module->runAction('site/signup', Array)
#9 F:\xampp2\htdocs\advanced\vendor\yiisoft\yii2\base\Application.php(386): yii\web\Application->handleRequest(Object(yii\web\Request))
#10 F:\xampp2\htdocs\advanced\frontend\web\index.php(17): yii\base\Application->run()
#11 {main}
2019-05-19 10:30:35 [::1][-][8h4rsgvfc6aaca9ui46hrciq95][info][application] $_GET = []

$_POST = [
    '_csrf-frontend' => 'nwVULHiidZtLRY5t9binWbDLJC7qvYFzcrcmBfoLAuf9KBdOE_oC-n4pxA6QgMEq0oAJa4WM-SxH1WwynHJXvQ=='
    'SignupForm' => [
        'username' => 'user'
        'email' => 'user@email.com'
        'password' => 'password'
    ]
    'signup-button' => ''
]

$_FILES = []

$_COOKIE = [
    '_identity-frontend' => 'e60eb262257cbc5f32371873080b46aa2c9329bf9de791709312e0025ce0fcc8a:2:{i:0;s:18:\"_identity-frontend\";i:1;s:46:\"[1,\"SYHi4U_vh94mxwXd9EIegM1FiIAr-iZS\",2592000]\";}'
    'username-localhost-8888' => '\"2|1:0|10:1557696981|23:username-localhost-8888|44:MDkwZWE3NzFjNTM3NDQzY2IyYjVjMzY1YWVhMjUzNDM=|41fac21e0d4c394fd5566a862e935f452ba8d79d711c7e925dbd2490377b2b28\"'
    '_xsrf' => '2|1e03d0e1|e35f6eef8ee18c10feb0fbbe22b78e3b|1557696981'
    'advanced-frontend' => '8h4rsgvfc6aaca9ui46hrciq95'
    '_csrf-frontend' => 'cc1e99fd1b4b41c105e026e33042d9a22542260425b74b0fa44bb8505fb5c9c5a:2:{i:0;s:14:\"_csrf-frontend\";i:1;s:32:\"b-CbkXwa5lJce8fsbK-Eo1x_5bJ7fyUZ\";}'
]

$_SESSION = [
    '__flash' => []
]

$_SERVER = [
    'REDIRECT_MIBDIRS' => 'F:/xampp2/php/extras/mibs'
    'REDIRECT_MYSQL_HOME' => '\\xampp\\mysql\\bin'
    'REDIRECT_OPENSSL_CONF' => 'F:/xampp2/apache/bin/openssl.cnf'
    'REDIRECT_PHP_PEAR_SYSCONF_DIR' => '\\xampp\\php'
    'REDIRECT_PHPRC' => '\\xampp\\php'
    'REDIRECT_TMP' => '\\xampp\\tmp'
    'REDIRECT_STATUS' => '200'
    'MIBDIRS' => 'F:/xampp2/php/extras/mibs'
    'MYSQL_HOME' => '\\xampp\\mysql\\bin'
    'OPENSSL_CONF' => 'F:/xampp2/apache/bin/openssl.cnf'
    'PHP_PEAR_SYSCONF_DIR' => '\\xampp\\php'
    'PHPRC' => '\\xampp\\php'
    'TMP' => '\\xampp\\tmp'
    'HTTP_HOST' => 'localhost'
    'HTTP_CONNECTION' => 'keep-alive'
    'CONTENT_LENGTH' => '225'
    'HTTP_CACHE_CONTROL' => 'max-age=0'
    'HTTP_ORIGIN' => 'http://localhost'
    'HTTP_UPGRADE_INSECURE_REQUESTS' => '1'
    'CONTENT_TYPE' => 'application/x-www-form-urlencoded'
    'HTTP_USER_AGENT' => 'Mozilla/5.0 (Windows NT 10.0; Win64; x64) AppleWebKit/537.36 (KHTML, like Gecko) Chrome/73.0.3683.103 Safari/537.36 OPR/60.0.3255.95'
    'HTTP_ACCEPT' => 'text/html,application/xhtml+xml,application/xml;q=0.9,image/webp,image/apng,*/*;q=0.8'
    'HTTP_REFERER' => 'http://localhost/advanced/frontend/web/site/signup'
    'HTTP_ACCEPT_ENCODING' => 'gzip, deflate, br'
    'HTTP_ACCEPT_LANGUAGE' => 'en-US,en;q=0.9'
    'HTTP_COOKIE' => '_identity-frontend=e60eb262257cbc5f32371873080b46aa2c9329bf9de791709312e0025ce0fcc8a%3A2%3A%7Bi%3A0%3Bs%3A18%3A%22_identity-frontend%22%3Bi%3A1%3Bs%3A46%3A%22%5B1%2C%22SYHi4U_vh94mxwXd9EIegM1FiIAr-iZS%22%2C2592000%5D%22%3B%7D; username-localhost-8888=\"2|1:0|10:1557696981|23:username-localhost-8888|44:MDkwZWE3NzFjNTM3NDQzY2IyYjVjMzY1YWVhMjUzNDM=|41fac21e0d4c394fd5566a862e935f452ba8d79d711c7e925dbd2490377b2b28\"; _xsrf=2|1e03d0e1|e35f6eef8ee18c10feb0fbbe22b78e3b|1557696981; advanced-frontend=8h4rsgvfc6aaca9ui46hrciq95; _csrf-frontend=cc1e99fd1b4b41c105e026e33042d9a22542260425b74b0fa44bb8505fb5c9c5a%3A2%3A%7Bi%3A0%3Bs%3A14%3A%22_csrf-frontend%22%3Bi%3A1%3Bs%3A32%3A%22b-CbkXwa5lJce8fsbK-Eo1x_5bJ7fyUZ%22%3B%7D'
    'PATH' => 'C:\\Program Files (x86)\\Common Files\\Oracle\\Java\\javapath;C:\\WINDOWS\\system32;C:\\WINDOWS;C:\\WINDOWS\\System32\\Wbem;C:\\WINDOWS\\System32\\WindowsPowerShell\\v1.0\\;C:\\Program Files\\Microsoft VS Code\\bin;C:\\Program Files\\Git\\cmd;C:\\Program Files\\Java\\jdk1.8.0_172\\bin;F:\\xampp\\php;C:\\ProgramData\\ComposerSetup\\bin;C:\\WINDOWS\\System32\\OpenSSH\\;C:\\Users\\Windows\\AppData\\Local\\Programs\\Python\\Python37-32\\Scripts\\;C:\\Users\\Windows\\AppData\\Local\\Programs\\Python\\Python37-32\\;C:\\Users\\Windows\\AppData\\Local\\Microsoft\\WindowsApps;;C:\\Program Files\\Microsoft VS Code\\bin;C:\\Users\\Windows\\AppData\\Roaming\\Composer\\vendor\\bin'
    'SystemRoot' => 'C:\\WINDOWS'
    'COMSPEC' => 'C:\\WINDOWS\\system32\\cmd.exe'
    'PATHEXT' => '.COM;.EXE;.BAT;.CMD;.VBS;.VBE;.JS;.JSE;.WSF;.WSH;.MSC'
    'WINDIR' => 'C:\\WINDOWS'
    'SERVER_SIGNATURE' => '<address>Apache/2.4.38 (Win64) OpenSSL/1.1.1b PHP/7.3.2 Server at localhost Port 80</address>
'
    'SERVER_SOFTWARE' => 'Apache/2.4.38 (Win64) OpenSSL/1.1.1b PHP/7.3.2'
    'SERVER_NAME' => 'localhost'
    'SERVER_ADDR' => '::1'
    'SERVER_PORT' => '80'
    'REMOTE_ADDR' => '::1'
    'DOCUMENT_ROOT' => 'F:/xampp2/htdocs'
    'REQUEST_SCHEME' => 'http'
    'CONTEXT_PREFIX' => ''
    'CONTEXT_DOCUMENT_ROOT' => 'F:/xampp2/htdocs'
    'SERVER_ADMIN' => 'postmaster@localhost'
    'SCRIPT_FILENAME' => 'F:/xampp2/htdocs/advanced/frontend/web/index.php'
    'REMOTE_PORT' => '52246'
    'REDIRECT_URL' => '/advanced/frontend/web/site/signup'
    'GATEWAY_INTERFACE' => 'CGI/1.1'
    'SERVER_PROTOCOL' => 'HTTP/1.1'
    'REQUEST_METHOD' => 'POST'
    'QUERY_STRING' => ''
    'REQUEST_URI' => '/advanced/frontend/web/site/signup'
    'SCRIPT_NAME' => '/advanced/frontend/web/index.php'
    'PHP_SELF' => '/advanced/frontend/web/index.php'
    'REQUEST_TIME_FLOAT' => 1558254635.91
    'REQUEST_TIME' => 1558254635
]
2019-05-20 16:24:39 [::1][-][a3rcd6cglu9d5tn1r6eq7d54sj][error][yii\base\InvalidArgumentException] yii\base\InvalidArgumentException: Key "status" is not a column name and can not be used as a filter in F:\xampp2\htdocs\advanced\vendor\yiisoft\yii2\db\ActiveRecord.php:224
Stack trace:
#0 F:\xampp2\htdocs\advanced\vendor\yiisoft\yii2\db\ActiveRecord.php(190): yii\db\ActiveRecord::filterCondition(Array)
#1 F:\xampp2\htdocs\advanced\vendor\yiisoft\yii2\db\BaseActiveRecord.php(112): yii\db\ActiveRecord::findByCondition(Array)
#2 F:\xampp2\htdocs\advanced\common\models\User.php(83): yii\db\BaseActiveRecord::findOne(Array)
#3 F:\xampp2\htdocs\advanced\common\models\LoginForm.php(73): common\models\User::findByUsername('username')
#4 F:\xampp2\htdocs\advanced\common\models\LoginForm.php(44): common\models\LoginForm->getUser()
#5 [internal function]: common\models\LoginForm->validatePassword('password', NULL, Object(yii\validators\InlineValidator))
#6 F:\xampp2\htdocs\advanced\vendor\yiisoft\yii2\validators\InlineValidator.php(72): call_user_func(Array, 'password', NULL, Object(yii\validators\InlineValidator))
#7 F:\xampp2\htdocs\advanced\vendor\yiisoft\yii2\validators\Validator.php(257): yii\validators\InlineValidator->validateAttribute(Object(common\models\LoginForm), 'password')
#8 F:\xampp2\htdocs\advanced\vendor\yiisoft\yii2\base\Model.php(367): yii\validators\Validator->validateAttributes(Object(common\models\LoginForm), Array)
#9 F:\xampp2\htdocs\advanced\common\models\LoginForm.php(58): yii\base\Model->validate()
#10 F:\xampp2\htdocs\advanced\frontend\controllers\SiteController.php(90): common\models\LoginForm->login()
#11 [internal function]: frontend\controllers\SiteController->actionLogin()
#12 F:\xampp2\htdocs\advanced\vendor\yiisoft\yii2\base\InlineAction.php(57): call_user_func_array(Array, Array)
#13 F:\xampp2\htdocs\advanced\vendor\yiisoft\yii2\base\Controller.php(157): yii\base\InlineAction->runWithParams(Array)
#14 F:\xampp2\htdocs\advanced\vendor\yiisoft\yii2\base\Module.php(528): yii\base\Controller->runAction('login', Array)
#15 F:\xampp2\htdocs\advanced\vendor\yiisoft\yii2\web\Application.php(103): yii\base\Module->runAction('site/login', Array)
#16 F:\xampp2\htdocs\advanced\vendor\yiisoft\yii2\base\Application.php(386): yii\web\Application->handleRequest(Object(yii\web\Request))
#17 F:\xampp2\htdocs\advanced\frontend\web\index.php(17): yii\base\Application->run()
#18 {main}
2019-05-20 16:24:37 [::1][-][a3rcd6cglu9d5tn1r6eq7d54sj][info][application] $_GET = []

$_POST = [
    '_csrf-frontend' => 'fqgo8AWM35tPpsgRhylN3yK2G2ntQ61lQXTGkGKVre0U-B7BbN-z_gmXn0K0cSuFRtREWqgHwhUKQ6ziOtL0jA=='
    'LoginForm' => [
        'username' => 'username'
        'password' => 'password'
        'rememberMe' => '1'
    ]
    'login-button' => ''
]

$_FILES = []

$_COOKIE = [
    'advanced-frontend' => 'a3rcd6cglu9d5tn1r6eq7d54sj'
    '_csrf-frontend' => 'b0302272b494ef8de9bb6f83407f4a9a86718aa4b3086edcee1c315d474f5a84a:2:{i:0;s:14:\"_csrf-frontend\";i:1;s:32:\"jP61iSleF1WS3XfZdb_3EDopK7jrXGYa\";}'
]

$_SESSION = [
    '__flash' => []
]

$_SERVER = [
    'REDIRECT_MIBDIRS' => 'F:/xampp2/php/extras/mibs'
    'REDIRECT_MYSQL_HOME' => '\\xampp\\mysql\\bin'
    'REDIRECT_OPENSSL_CONF' => 'F:/xampp2/apache/bin/openssl.cnf'
    'REDIRECT_PHP_PEAR_SYSCONF_DIR' => '\\xampp\\php'
    'REDIRECT_PHPRC' => '\\xampp\\php'
    'REDIRECT_TMP' => '\\xampp\\tmp'
    'REDIRECT_STATUS' => '200'
    'MIBDIRS' => 'F:/xampp2/php/extras/mibs'
    'MYSQL_HOME' => '\\xampp\\mysql\\bin'
    'OPENSSL_CONF' => 'F:/xampp2/apache/bin/openssl.cnf'
    'PHP_PEAR_SYSCONF_DIR' => '\\xampp\\php'
    'PHPRC' => '\\xampp\\php'
    'TMP' => '\\xampp\\tmp'
    'HTTP_HOST' => 'localhost'
    'HTTP_USER_AGENT' => 'Mozilla/5.0 (Windows NT 10.0; Win64; x64; rv:67.0) Gecko/20100101 Firefox/67.0'
    'HTTP_ACCEPT' => 'text/html,application/xhtml+xml,application/xml;q=0.9,*/*;q=0.8'
    'HTTP_ACCEPT_LANGUAGE' => 'en-US,en;q=0.5'
    'HTTP_ACCEPT_ENCODING' => 'gzip, deflate'
    'HTTP_REFERER' => 'http://localhost/advanced/frontend/web/site/login'
    'CONTENT_TYPE' => 'application/x-www-form-urlencoded'
    'CONTENT_LENGTH' => '243'
    'HTTP_CONNECTION' => 'keep-alive'
    'HTTP_COOKIE' => 'advanced-frontend=a3rcd6cglu9d5tn1r6eq7d54sj; _csrf-frontend=b0302272b494ef8de9bb6f83407f4a9a86718aa4b3086edcee1c315d474f5a84a%3A2%3A%7Bi%3A0%3Bs%3A14%3A%22_csrf-frontend%22%3Bi%3A1%3Bs%3A32%3A%22jP61iSleF1WS3XfZdb_3EDopK7jrXGYa%22%3B%7D'
    'HTTP_UPGRADE_INSECURE_REQUESTS' => '1'
    'PATH' => 'C:\\Program Files (x86)\\Common Files\\Oracle\\Java\\javapath;C:\\WINDOWS\\system32;C:\\WINDOWS;C:\\WINDOWS\\System32\\Wbem;C:\\WINDOWS\\System32\\WindowsPowerShell\\v1.0\\;C:\\Program Files\\Microsoft VS Code\\bin;C:\\Program Files\\Git\\cmd;C:\\Program Files\\Java\\jdk1.8.0_172\\bin;F:\\xampp\\php;C:\\ProgramData\\ComposerSetup\\bin;C:\\WINDOWS\\System32\\OpenSSH\\;C:\\Users\\Windows\\AppData\\Local\\Programs\\Python\\Python37-32\\Scripts\\;C:\\Users\\Windows\\AppData\\Local\\Programs\\Python\\Python37-32\\;C:\\Users\\Windows\\AppData\\Local\\Microsoft\\WindowsApps;;C:\\Program Files\\Microsoft VS Code\\bin;C:\\Users\\Windows\\AppData\\Roaming\\Composer\\vendor\\bin'
    'SystemRoot' => 'C:\\WINDOWS'
    'COMSPEC' => 'C:\\WINDOWS\\system32\\cmd.exe'
    'PATHEXT' => '.COM;.EXE;.BAT;.CMD;.VBS;.VBE;.JS;.JSE;.WSF;.WSH;.MSC'
    'WINDIR' => 'C:\\WINDOWS'
    'SERVER_SIGNATURE' => '<address>Apache/2.4.38 (Win64) OpenSSL/1.1.1b PHP/7.3.2 Server at localhost Port 80</address>
'
    'SERVER_SOFTWARE' => 'Apache/2.4.38 (Win64) OpenSSL/1.1.1b PHP/7.3.2'
    'SERVER_NAME' => 'localhost'
    'SERVER_ADDR' => '::1'
    'SERVER_PORT' => '80'
    'REMOTE_ADDR' => '::1'
    'DOCUMENT_ROOT' => 'F:/xampp2/htdocs'
    'REQUEST_SCHEME' => 'http'
    'CONTEXT_PREFIX' => ''
    'CONTEXT_DOCUMENT_ROOT' => 'F:/xampp2/htdocs'
    'SERVER_ADMIN' => 'postmaster@localhost'
    'SCRIPT_FILENAME' => 'F:/xampp2/htdocs/advanced/frontend/web/index.php'
    'REMOTE_PORT' => '50939'
    'REDIRECT_URL' => '/advanced/frontend/web/site/login'
    'GATEWAY_INTERFACE' => 'CGI/1.1'
    'SERVER_PROTOCOL' => 'HTTP/1.1'
    'REQUEST_METHOD' => 'POST'
    'QUERY_STRING' => ''
    'REQUEST_URI' => '/advanced/frontend/web/site/login'
    'SCRIPT_NAME' => '/advanced/frontend/web/index.php'
    'PHP_SELF' => '/advanced/frontend/web/index.php'
    'REQUEST_TIME_FLOAT' => 1558362277.477
    'REQUEST_TIME' => 1558362277
]
2019-05-20 17:03:16 [::1][-][dnhekssvr15mnplpg8l5pt50te][error][yii\base\InvalidArgumentException] yii\base\InvalidArgumentException: Key "status" is not a column name and can not be used as a filter in F:\xampp2\htdocs\advanced\vendor\yiisoft\yii2\db\ActiveRecord.php:224
Stack trace:
#0 F:\xampp2\htdocs\advanced\vendor\yiisoft\yii2\db\ActiveRecord.php(190): yii\db\ActiveRecord::filterCondition(Array)
#1 F:\xampp2\htdocs\advanced\vendor\yiisoft\yii2\db\BaseActiveRecord.php(112): yii\db\ActiveRecord::findByCondition(Array)
#2 F:\xampp2\htdocs\advanced\common\models\User.php(83): yii\db\BaseActiveRecord::findOne(Array)
#3 F:\xampp2\htdocs\advanced\common\models\LoginForm.php(73): common\models\User::findByUsername('username')
#4 F:\xampp2\htdocs\advanced\common\models\LoginForm.php(44): common\models\LoginForm->getUser()
#5 [internal function]: common\models\LoginForm->validatePassword('password', NULL, Object(yii\validators\InlineValidator))
#6 F:\xampp2\htdocs\advanced\vendor\yiisoft\yii2\validators\InlineValidator.php(72): call_user_func(Array, 'password', NULL, Object(yii\validators\InlineValidator))
#7 F:\xampp2\htdocs\advanced\vendor\yiisoft\yii2\validators\Validator.php(257): yii\validators\InlineValidator->validateAttribute(Object(common\models\LoginForm), 'password')
#8 F:\xampp2\htdocs\advanced\vendor\yiisoft\yii2\base\Model.php(367): yii\validators\Validator->validateAttributes(Object(common\models\LoginForm), Array)
#9 F:\xampp2\htdocs\advanced\common\models\LoginForm.php(58): yii\base\Model->validate()
#10 F:\xampp2\htdocs\advanced\frontend\controllers\SiteController.php(90): common\models\LoginForm->login()
#11 [internal function]: frontend\controllers\SiteController->actionLogin()
#12 F:\xampp2\htdocs\advanced\vendor\yiisoft\yii2\base\InlineAction.php(57): call_user_func_array(Array, Array)
#13 F:\xampp2\htdocs\advanced\vendor\yiisoft\yii2\base\Controller.php(157): yii\base\InlineAction->runWithParams(Array)
#14 F:\xampp2\htdocs\advanced\vendor\yiisoft\yii2\base\Module.php(528): yii\base\Controller->runAction('login', Array)
#15 F:\xampp2\htdocs\advanced\vendor\yiisoft\yii2\web\Application.php(103): yii\base\Module->runAction('site/login', Array)
#16 F:\xampp2\htdocs\advanced\vendor\yiisoft\yii2\base\Application.php(386): yii\web\Application->handleRequest(Object(yii\web\Request))
#17 F:\xampp2\htdocs\advanced\frontend\web\index.php(17): yii\base\Application->run()
#18 {main}
2019-05-20 17:03:16 [::1][-][dnhekssvr15mnplpg8l5pt50te][info][application] $_GET = []

$_POST = [
    '_csrf-frontend' => 'PO__40Jtmqg3AoCyhsaZplKGRhA23CEbsJWlCbnpbWBbmLuWEQLPxXMy6YW3s6-TJs9wJXLsbWvVwuBNyqMONQ=='
    'LoginForm' => [
        'username' => 'username'
        'password' => 'password'
        'rememberMe' => '1'
    ]
    'login-button' => ''
]

$_FILES = []

$_COOKIE = [
    'advanced-frontend' => 'dnhekssvr15mnplpg8l5pt50te'
    '_csrf-frontend' => 'c52a2e25e0fca65cb21396f180ccd49cbb8a4e9ef652b7d36188eae8b64468c1a:2:{i:0;s:14:\"_csrf-frontend\";i:1;s:32:\"gwDuSoUmD0i71u65tI65D0LpeWEDsJcU\";}'
]

$_SESSION = [
    '__flash' => []
]

$_SERVER = [
    'REDIRECT_MIBDIRS' => 'F:/xampp2/php/extras/mibs'
    'REDIRECT_MYSQL_HOME' => '\\xampp\\mysql\\bin'
    'REDIRECT_OPENSSL_CONF' => 'F:/xampp2/apache/bin/openssl.cnf'
    'REDIRECT_PHP_PEAR_SYSCONF_DIR' => '\\xampp\\php'
    'REDIRECT_PHPRC' => '\\xampp\\php'
    'REDIRECT_TMP' => '\\xampp\\tmp'
    'REDIRECT_STATUS' => '200'
    'MIBDIRS' => 'F:/xampp2/php/extras/mibs'
    'MYSQL_HOME' => '\\xampp\\mysql\\bin'
    'OPENSSL_CONF' => 'F:/xampp2/apache/bin/openssl.cnf'
    'PHP_PEAR_SYSCONF_DIR' => '\\xampp\\php'
    'PHPRC' => '\\xampp\\php'
    'TMP' => '\\xampp\\tmp'
    'HTTP_HOST' => 'localhost'
    'HTTP_USER_AGENT' => 'Mozilla/5.0 (Windows NT 10.0; Win64; x64; rv:67.0) Gecko/20100101 Firefox/67.0'
    'HTTP_ACCEPT' => 'text/html,application/xhtml+xml,application/xml;q=0.9,*/*;q=0.8'
    'HTTP_ACCEPT_LANGUAGE' => 'en-US,en;q=0.5'
    'HTTP_ACCEPT_ENCODING' => 'gzip, deflate'
    'HTTP_REFERER' => 'http://localhost/advanced/frontend/web/site/login'
    'CONTENT_TYPE' => 'application/x-www-form-urlencoded'
    'CONTENT_LENGTH' => '243'
    'HTTP_CONNECTION' => 'keep-alive'
    'HTTP_COOKIE' => 'advanced-frontend=dnhekssvr15mnplpg8l5pt50te; _csrf-frontend=c52a2e25e0fca65cb21396f180ccd49cbb8a4e9ef652b7d36188eae8b64468c1a%3A2%3A%7Bi%3A0%3Bs%3A14%3A%22_csrf-frontend%22%3Bi%3A1%3Bs%3A32%3A%22gwDuSoUmD0i71u65tI65D0LpeWEDsJcU%22%3B%7D'
    'HTTP_UPGRADE_INSECURE_REQUESTS' => '1'
    'PATH' => 'C:\\Program Files (x86)\\Common Files\\Oracle\\Java\\javapath;C:\\WINDOWS\\system32;C:\\WINDOWS;C:\\WINDOWS\\System32\\Wbem;C:\\WINDOWS\\System32\\WindowsPowerShell\\v1.0\\;C:\\Program Files\\Microsoft VS Code\\bin;C:\\Program Files\\Git\\cmd;C:\\Program Files\\Java\\jdk1.8.0_172\\bin;F:\\xampp\\php;C:\\ProgramData\\ComposerSetup\\bin;C:\\WINDOWS\\System32\\OpenSSH\\;C:\\Users\\Windows\\AppData\\Local\\Programs\\Python\\Python37-32\\Scripts\\;C:\\Users\\Windows\\AppData\\Local\\Programs\\Python\\Python37-32\\;C:\\Users\\Windows\\AppData\\Local\\Microsoft\\WindowsApps;;C:\\Program Files\\Microsoft VS Code\\bin;C:\\Users\\Windows\\AppData\\Roaming\\Composer\\vendor\\bin'
    'SystemRoot' => 'C:\\WINDOWS'
    'COMSPEC' => 'C:\\WINDOWS\\system32\\cmd.exe'
    'PATHEXT' => '.COM;.EXE;.BAT;.CMD;.VBS;.VBE;.JS;.JSE;.WSF;.WSH;.MSC'
    'WINDIR' => 'C:\\WINDOWS'
    'SERVER_SIGNATURE' => '<address>Apache/2.4.38 (Win64) OpenSSL/1.1.1b PHP/7.3.2 Server at localhost Port 80</address>
'
    'SERVER_SOFTWARE' => 'Apache/2.4.38 (Win64) OpenSSL/1.1.1b PHP/7.3.2'
    'SERVER_NAME' => 'localhost'
    'SERVER_ADDR' => '::1'
    'SERVER_PORT' => '80'
    'REMOTE_ADDR' => '::1'
    'DOCUMENT_ROOT' => 'F:/xampp2/htdocs'
    'REQUEST_SCHEME' => 'http'
    'CONTEXT_PREFIX' => ''
    'CONTEXT_DOCUMENT_ROOT' => 'F:/xampp2/htdocs'
    'SERVER_ADMIN' => 'postmaster@localhost'
    'SCRIPT_FILENAME' => 'F:/xampp2/htdocs/advanced/frontend/web/index.php'
    'REMOTE_PORT' => '51352'
    'REDIRECT_URL' => '/advanced/frontend/web/site/login'
    'GATEWAY_INTERFACE' => 'CGI/1.1'
    'SERVER_PROTOCOL' => 'HTTP/1.1'
    'REQUEST_METHOD' => 'POST'
    'QUERY_STRING' => ''
    'REQUEST_URI' => '/advanced/frontend/web/site/login'
    'SCRIPT_NAME' => '/advanced/frontend/web/index.php'
    'PHP_SELF' => '/advanced/frontend/web/index.php'
    'REQUEST_TIME_FLOAT' => 1558364596.392
    'REQUEST_TIME' => 1558364596
]
2019-05-21 16:47:57 [::1][-][gc17k6uqfir8d63kd0r10e8cog][error][Error] Error: Class 'frontend\models\UserSearch' not found in F:\xampp2\htdocs\advanced\frontend\controllers\UserController.php:38
Stack trace:
#0 [internal function]: frontend\controllers\UserController->actionIndex()
#1 F:\xampp2\htdocs\advanced\vendor\yiisoft\yii2\base\InlineAction.php(57): call_user_func_array(Array, Array)
#2 F:\xampp2\htdocs\advanced\vendor\yiisoft\yii2\base\Controller.php(157): yii\base\InlineAction->runWithParams(Array)
#3 F:\xampp2\htdocs\advanced\vendor\yiisoft\yii2\base\Module.php(528): yii\base\Controller->runAction('', Array)
#4 F:\xampp2\htdocs\advanced\vendor\yiisoft\yii2\web\Application.php(103): yii\base\Module->runAction('user', Array)
#5 F:\xampp2\htdocs\advanced\vendor\yiisoft\yii2\base\Application.php(386): yii\web\Application->handleRequest(Object(yii\web\Request))
#6 F:\xampp2\htdocs\advanced\frontend\web\index.php(17): yii\base\Application->run()
#7 {main}
2019-05-21 16:47:57 [::1][-][gc17k6uqfir8d63kd0r10e8cog][info][application] $_GET = []

$_POST = []

$_FILES = []

$_COOKIE = [
    'advanced-frontend' => 'gc17k6uqfir8d63kd0r10e8cog'
    '_csrf-frontend' => '48e3dcad7382747b7c9fb7e2a41d922fe74ed92b4f127ef02bd2c59ecfbb4752a:2:{i:0;s:14:\"_csrf-frontend\";i:1;s:32:\"_F2XAMI61Fpbxgphl78DSyENLl61Ga1O\";}'
]

$_SESSION = [
    '__flash' => []
]

$_SERVER = [
    'REDIRECT_MIBDIRS' => 'F:/xampp2/php/extras/mibs'
    'REDIRECT_MYSQL_HOME' => '\\xampp\\mysql\\bin'
    'REDIRECT_OPENSSL_CONF' => 'F:/xampp2/apache/bin/openssl.cnf'
    'REDIRECT_PHP_PEAR_SYSCONF_DIR' => '\\xampp\\php'
    'REDIRECT_PHPRC' => '\\xampp\\php'
    'REDIRECT_TMP' => '\\xampp\\tmp'
    'REDIRECT_STATUS' => '200'
    'MIBDIRS' => 'F:/xampp2/php/extras/mibs'
    'MYSQL_HOME' => '\\xampp\\mysql\\bin'
    'OPENSSL_CONF' => 'F:/xampp2/apache/bin/openssl.cnf'
    'PHP_PEAR_SYSCONF_DIR' => '\\xampp\\php'
    'PHPRC' => '\\xampp\\php'
    'TMP' => '\\xampp\\tmp'
    'HTTP_HOST' => 'localhost'
    'HTTP_CONNECTION' => 'keep-alive'
    'HTTP_UPGRADE_INSECURE_REQUESTS' => '1'
    'HTTP_USER_AGENT' => 'Mozilla/5.0 (Windows NT 10.0; Win64; x64) AppleWebKit/537.36 (KHTML, like Gecko) Chrome/73.0.3683.103 Safari/537.36 OPR/60.0.3255.95'
    'HTTP_ACCEPT' => 'text/html,application/xhtml+xml,application/xml;q=0.9,image/webp,image/apng,*/*;q=0.8'
    'HTTP_ACCEPT_ENCODING' => 'gzip, deflate, br'
    'HTTP_ACCEPT_LANGUAGE' => 'en-US,en;q=0.9'
    'HTTP_COOKIE' => 'advanced-frontend=gc17k6uqfir8d63kd0r10e8cog; _csrf-frontend=48e3dcad7382747b7c9fb7e2a41d922fe74ed92b4f127ef02bd2c59ecfbb4752a%3A2%3A%7Bi%3A0%3Bs%3A14%3A%22_csrf-frontend%22%3Bi%3A1%3Bs%3A32%3A%22_F2XAMI61Fpbxgphl78DSyENLl61Ga1O%22%3B%7D'
    'PATH' => 'C:\\Program Files (x86)\\Common Files\\Oracle\\Java\\javapath;C:\\WINDOWS\\system32;C:\\WINDOWS;C:\\WINDOWS\\System32\\Wbem;C:\\WINDOWS\\System32\\WindowsPowerShell\\v1.0\\;C:\\Program Files\\Microsoft VS Code\\bin;C:\\Program Files\\Git\\cmd;C:\\Program Files\\Java\\jdk1.8.0_172\\bin;F:\\xampp\\php;C:\\ProgramData\\ComposerSetup\\bin;C:\\WINDOWS\\System32\\OpenSSH\\;C:\\Users\\Windows\\AppData\\Local\\Programs\\Python\\Python37-32\\Scripts\\;C:\\Users\\Windows\\AppData\\Local\\Programs\\Python\\Python37-32\\;C:\\Users\\Windows\\AppData\\Local\\Microsoft\\WindowsApps;;C:\\Program Files\\Microsoft VS Code\\bin;C:\\Users\\Windows\\AppData\\Roaming\\Composer\\vendor\\bin'
    'SystemRoot' => 'C:\\WINDOWS'
    'COMSPEC' => 'C:\\WINDOWS\\system32\\cmd.exe'
    'PATHEXT' => '.COM;.EXE;.BAT;.CMD;.VBS;.VBE;.JS;.JSE;.WSF;.WSH;.MSC'
    'WINDIR' => 'C:\\WINDOWS'
    'SERVER_SIGNATURE' => '<address>Apache/2.4.38 (Win64) OpenSSL/1.1.1b PHP/7.3.2 Server at localhost Port 80</address>
'
    'SERVER_SOFTWARE' => 'Apache/2.4.38 (Win64) OpenSSL/1.1.1b PHP/7.3.2'
    'SERVER_NAME' => 'localhost'
    'SERVER_ADDR' => '::1'
    'SERVER_PORT' => '80'
    'REMOTE_ADDR' => '::1'
    'DOCUMENT_ROOT' => 'F:/xampp2/htdocs'
    'REQUEST_SCHEME' => 'http'
    'CONTEXT_PREFIX' => ''
    'CONTEXT_DOCUMENT_ROOT' => 'F:/xampp2/htdocs'
    'SERVER_ADMIN' => 'postmaster@localhost'
    'SCRIPT_FILENAME' => 'F:/xampp2/htdocs/advanced/frontend/web/index.php'
    'REMOTE_PORT' => '64733'
    'REDIRECT_URL' => '/advanced/frontend/web/user'
    'GATEWAY_INTERFACE' => 'CGI/1.1'
    'SERVER_PROTOCOL' => 'HTTP/1.1'
    'REQUEST_METHOD' => 'GET'
    'QUERY_STRING' => ''
    'REQUEST_URI' => '/advanced/frontend/web/user'
    'SCRIPT_NAME' => '/advanced/frontend/web/index.php'
    'PHP_SELF' => '/advanced/frontend/web/index.php'
    'REQUEST_TIME_FLOAT' => 1558450077.246
    'REQUEST_TIME' => 1558450077
]
2019-05-21 16:48:06 [::1][-][gc17k6uqfir8d63kd0r10e8cog][error][yii\web\HttpException:404] yii\base\InvalidRouteException: Unable to resolve the request "news". in F:\xampp2\htdocs\advanced\vendor\yiisoft\yii2\base\Module.php:537
Stack trace:
#0 F:\xampp2\htdocs\advanced\vendor\yiisoft\yii2\web\Application.php(103): yii\base\Module->runAction('news', Array)
#1 F:\xampp2\htdocs\advanced\vendor\yiisoft\yii2\base\Application.php(386): yii\web\Application->handleRequest(Object(yii\web\Request))
#2 F:\xampp2\htdocs\advanced\frontend\web\index.php(17): yii\base\Application->run()
#3 {main}

Next yii\web\NotFoundHttpException: Page not found. in F:\xampp2\htdocs\advanced\vendor\yiisoft\yii2\web\Application.php:115
Stack trace:
#0 F:\xampp2\htdocs\advanced\vendor\yiisoft\yii2\base\Application.php(386): yii\web\Application->handleRequest(Object(yii\web\Request))
#1 F:\xampp2\htdocs\advanced\frontend\web\index.php(17): yii\base\Application->run()
#2 {main}
2019-05-21 16:48:06 [::1][-][gc17k6uqfir8d63kd0r10e8cog][info][application] $_GET = []

$_POST = []

$_FILES = []

$_COOKIE = [
    'advanced-frontend' => 'gc17k6uqfir8d63kd0r10e8cog'
    '_csrf-frontend' => '48e3dcad7382747b7c9fb7e2a41d922fe74ed92b4f127ef02bd2c59ecfbb4752a:2:{i:0;s:14:\"_csrf-frontend\";i:1;s:32:\"_F2XAMI61Fpbxgphl78DSyENLl61Ga1O\";}'
]

$_SESSION = [
    '__flash' => []
]

$_SERVER = [
    'REDIRECT_MIBDIRS' => 'F:/xampp2/php/extras/mibs'
    'REDIRECT_MYSQL_HOME' => '\\xampp\\mysql\\bin'
    'REDIRECT_OPENSSL_CONF' => 'F:/xampp2/apache/bin/openssl.cnf'
    'REDIRECT_PHP_PEAR_SYSCONF_DIR' => '\\xampp\\php'
    'REDIRECT_PHPRC' => '\\xampp\\php'
    'REDIRECT_TMP' => '\\xampp\\tmp'
    'REDIRECT_STATUS' => '200'
    'MIBDIRS' => 'F:/xampp2/php/extras/mibs'
    'MYSQL_HOME' => '\\xampp\\mysql\\bin'
    'OPENSSL_CONF' => 'F:/xampp2/apache/bin/openssl.cnf'
    'PHP_PEAR_SYSCONF_DIR' => '\\xampp\\php'
    'PHPRC' => '\\xampp\\php'
    'TMP' => '\\xampp\\tmp'
    'HTTP_HOST' => 'localhost'
    'HTTP_CONNECTION' => 'keep-alive'
    'HTTP_UPGRADE_INSECURE_REQUESTS' => '1'
    'HTTP_USER_AGENT' => 'Mozilla/5.0 (Windows NT 10.0; Win64; x64) AppleWebKit/537.36 (KHTML, like Gecko) Chrome/73.0.3683.103 Safari/537.36 OPR/60.0.3255.95'
    'HTTP_ACCEPT' => 'text/html,application/xhtml+xml,application/xml;q=0.9,image/webp,image/apng,*/*;q=0.8'
    'HTTP_ACCEPT_ENCODING' => 'gzip, deflate, br'
    'HTTP_ACCEPT_LANGUAGE' => 'en-US,en;q=0.9'
    'HTTP_COOKIE' => 'advanced-frontend=gc17k6uqfir8d63kd0r10e8cog; _csrf-frontend=48e3dcad7382747b7c9fb7e2a41d922fe74ed92b4f127ef02bd2c59ecfbb4752a%3A2%3A%7Bi%3A0%3Bs%3A14%3A%22_csrf-frontend%22%3Bi%3A1%3Bs%3A32%3A%22_F2XAMI61Fpbxgphl78DSyENLl61Ga1O%22%3B%7D'
    'PATH' => 'C:\\Program Files (x86)\\Common Files\\Oracle\\Java\\javapath;C:\\WINDOWS\\system32;C:\\WINDOWS;C:\\WINDOWS\\System32\\Wbem;C:\\WINDOWS\\System32\\WindowsPowerShell\\v1.0\\;C:\\Program Files\\Microsoft VS Code\\bin;C:\\Program Files\\Git\\cmd;C:\\Program Files\\Java\\jdk1.8.0_172\\bin;F:\\xampp\\php;C:\\ProgramData\\ComposerSetup\\bin;C:\\WINDOWS\\System32\\OpenSSH\\;C:\\Users\\Windows\\AppData\\Local\\Programs\\Python\\Python37-32\\Scripts\\;C:\\Users\\Windows\\AppData\\Local\\Programs\\Python\\Python37-32\\;C:\\Users\\Windows\\AppData\\Local\\Microsoft\\WindowsApps;;C:\\Program Files\\Microsoft VS Code\\bin;C:\\Users\\Windows\\AppData\\Roaming\\Composer\\vendor\\bin'
    'SystemRoot' => 'C:\\WINDOWS'
    'COMSPEC' => 'C:\\WINDOWS\\system32\\cmd.exe'
    'PATHEXT' => '.COM;.EXE;.BAT;.CMD;.VBS;.VBE;.JS;.JSE;.WSF;.WSH;.MSC'
    'WINDIR' => 'C:\\WINDOWS'
    'SERVER_SIGNATURE' => '<address>Apache/2.4.38 (Win64) OpenSSL/1.1.1b PHP/7.3.2 Server at localhost Port 80</address>
'
    'SERVER_SOFTWARE' => 'Apache/2.4.38 (Win64) OpenSSL/1.1.1b PHP/7.3.2'
    'SERVER_NAME' => 'localhost'
    'SERVER_ADDR' => '::1'
    'SERVER_PORT' => '80'
    'REMOTE_ADDR' => '::1'
    'DOCUMENT_ROOT' => 'F:/xampp2/htdocs'
    'REQUEST_SCHEME' => 'http'
    'CONTEXT_PREFIX' => ''
    'CONTEXT_DOCUMENT_ROOT' => 'F:/xampp2/htdocs'
    'SERVER_ADMIN' => 'postmaster@localhost'
    'SCRIPT_FILENAME' => 'F:/xampp2/htdocs/advanced/frontend/web/index.php'
    'REMOTE_PORT' => '64739'
    'REDIRECT_URL' => '/advanced/frontend/web/news'
    'GATEWAY_INTERFACE' => 'CGI/1.1'
    'SERVER_PROTOCOL' => 'HTTP/1.1'
    'REQUEST_METHOD' => 'GET'
    'QUERY_STRING' => ''
    'REQUEST_URI' => '/advanced/frontend/web/news'
    'SCRIPT_NAME' => '/advanced/frontend/web/index.php'
    'PHP_SELF' => '/advanced/frontend/web/index.php'
    'REQUEST_TIME_FLOAT' => 1558450086.331
    'REQUEST_TIME' => 1558450086
]
2019-05-21 16:49:05 [::1][-][gc17k6uqfir8d63kd0r10e8cog][error][Error] Error: Class 'frontend\models\UserSearch' not found in F:\xampp2\htdocs\advanced\frontend\controllers\UserController.php:38
Stack trace:
#0 [internal function]: frontend\controllers\UserController->actionIndex()
#1 F:\xampp2\htdocs\advanced\vendor\yiisoft\yii2\base\InlineAction.php(57): call_user_func_array(Array, Array)
#2 F:\xampp2\htdocs\advanced\vendor\yiisoft\yii2\base\Controller.php(157): yii\base\InlineAction->runWithParams(Array)
#3 F:\xampp2\htdocs\advanced\vendor\yiisoft\yii2\base\Module.php(528): yii\base\Controller->runAction('', Array)
#4 F:\xampp2\htdocs\advanced\vendor\yiisoft\yii2\web\Application.php(103): yii\base\Module->runAction('user', Array)
#5 F:\xampp2\htdocs\advanced\vendor\yiisoft\yii2\base\Application.php(386): yii\web\Application->handleRequest(Object(yii\web\Request))
#6 F:\xampp2\htdocs\advanced\frontend\web\index.php(17): yii\base\Application->run()
#7 {main}
2019-05-21 16:49:04 [::1][-][gc17k6uqfir8d63kd0r10e8cog][info][application] $_GET = []

$_POST = []

$_FILES = []

$_COOKIE = [
    'advanced-frontend' => 'gc17k6uqfir8d63kd0r10e8cog'
    '_csrf-frontend' => '48e3dcad7382747b7c9fb7e2a41d922fe74ed92b4f127ef02bd2c59ecfbb4752a:2:{i:0;s:14:\"_csrf-frontend\";i:1;s:32:\"_F2XAMI61Fpbxgphl78DSyENLl61Ga1O\";}'
]

$_SESSION = [
    '__flash' => []
]

$_SERVER = [
    'REDIRECT_MIBDIRS' => 'F:/xampp2/php/extras/mibs'
    'REDIRECT_MYSQL_HOME' => '\\xampp\\mysql\\bin'
    'REDIRECT_OPENSSL_CONF' => 'F:/xampp2/apache/bin/openssl.cnf'
    'REDIRECT_PHP_PEAR_SYSCONF_DIR' => '\\xampp\\php'
    'REDIRECT_PHPRC' => '\\xampp\\php'
    'REDIRECT_TMP' => '\\xampp\\tmp'
    'REDIRECT_STATUS' => '200'
    'MIBDIRS' => 'F:/xampp2/php/extras/mibs'
    'MYSQL_HOME' => '\\xampp\\mysql\\bin'
    'OPENSSL_CONF' => 'F:/xampp2/apache/bin/openssl.cnf'
    'PHP_PEAR_SYSCONF_DIR' => '\\xampp\\php'
    'PHPRC' => '\\xampp\\php'
    'TMP' => '\\xampp\\tmp'
    'HTTP_HOST' => 'localhost'
    'HTTP_CONNECTION' => 'keep-alive'
    'HTTP_UPGRADE_INSECURE_REQUESTS' => '1'
    'HTTP_USER_AGENT' => 'Mozilla/5.0 (Windows NT 10.0; Win64; x64) AppleWebKit/537.36 (KHTML, like Gecko) Chrome/73.0.3683.103 Safari/537.36 OPR/60.0.3255.95'
    'HTTP_ACCEPT' => 'text/html,application/xhtml+xml,application/xml;q=0.9,image/webp,image/apng,*/*;q=0.8'
    'HTTP_ACCEPT_ENCODING' => 'gzip, deflate, br'
    'HTTP_ACCEPT_LANGUAGE' => 'en-US,en;q=0.9'
    'HTTP_COOKIE' => 'advanced-frontend=gc17k6uqfir8d63kd0r10e8cog; _csrf-frontend=48e3dcad7382747b7c9fb7e2a41d922fe74ed92b4f127ef02bd2c59ecfbb4752a%3A2%3A%7Bi%3A0%3Bs%3A14%3A%22_csrf-frontend%22%3Bi%3A1%3Bs%3A32%3A%22_F2XAMI61Fpbxgphl78DSyENLl61Ga1O%22%3B%7D'
    'PATH' => 'C:\\Program Files (x86)\\Common Files\\Oracle\\Java\\javapath;C:\\WINDOWS\\system32;C:\\WINDOWS;C:\\WINDOWS\\System32\\Wbem;C:\\WINDOWS\\System32\\WindowsPowerShell\\v1.0\\;C:\\Program Files\\Microsoft VS Code\\bin;C:\\Program Files\\Git\\cmd;C:\\Program Files\\Java\\jdk1.8.0_172\\bin;F:\\xampp\\php;C:\\ProgramData\\ComposerSetup\\bin;C:\\WINDOWS\\System32\\OpenSSH\\;C:\\Users\\Windows\\AppData\\Local\\Programs\\Python\\Python37-32\\Scripts\\;C:\\Users\\Windows\\AppData\\Local\\Programs\\Python\\Python37-32\\;C:\\Users\\Windows\\AppData\\Local\\Microsoft\\WindowsApps;;C:\\Program Files\\Microsoft VS Code\\bin;C:\\Users\\Windows\\AppData\\Roaming\\Composer\\vendor\\bin'
    'SystemRoot' => 'C:\\WINDOWS'
    'COMSPEC' => 'C:\\WINDOWS\\system32\\cmd.exe'
    'PATHEXT' => '.COM;.EXE;.BAT;.CMD;.VBS;.VBE;.JS;.JSE;.WSF;.WSH;.MSC'
    'WINDIR' => 'C:\\WINDOWS'
    'SERVER_SIGNATURE' => '<address>Apache/2.4.38 (Win64) OpenSSL/1.1.1b PHP/7.3.2 Server at localhost Port 80</address>
'
    'SERVER_SOFTWARE' => 'Apache/2.4.38 (Win64) OpenSSL/1.1.1b PHP/7.3.2'
    'SERVER_NAME' => 'localhost'
    'SERVER_ADDR' => '::1'
    'SERVER_PORT' => '80'
    'REMOTE_ADDR' => '::1'
    'DOCUMENT_ROOT' => 'F:/xampp2/htdocs'
    'REQUEST_SCHEME' => 'http'
    'CONTEXT_PREFIX' => ''
    'CONTEXT_DOCUMENT_ROOT' => 'F:/xampp2/htdocs'
    'SERVER_ADMIN' => 'postmaster@localhost'
    'SCRIPT_FILENAME' => 'F:/xampp2/htdocs/advanced/frontend/web/index.php'
    'REMOTE_PORT' => '64742'
    'REDIRECT_URL' => '/advanced/frontend/web/user'
    'GATEWAY_INTERFACE' => 'CGI/1.1'
    'SERVER_PROTOCOL' => 'HTTP/1.1'
    'REQUEST_METHOD' => 'GET'
    'QUERY_STRING' => ''
    'REQUEST_URI' => '/advanced/frontend/web/user'
    'SCRIPT_NAME' => '/advanced/frontend/web/index.php'
    'PHP_SELF' => '/advanced/frontend/web/index.php'
    'REQUEST_TIME_FLOAT' => 1558450143.613
    'REQUEST_TIME' => 1558450143
]
